<?xml version="1.0" encoding="UTF-8"?>
<!-- Generated by org.testng.reporters.JUnitXMLReporter -->
<testsuite ignored="21" hostname="DESKTOP-P1822VN" failures="0" tests="10" name="regression" time="160.208" errors="0" timestamp="2021-03-17T15:12:48 EET">
  <testcase classname="testdata.A_parentPrimaryInfoInputTest" name="parentPrimaryInfoInputTest" time="26.086"/>
  <testcase classname="testdata.B_DistrictCreationTest" name="districtCreationTest" time="4.931"/>
  <testcase classname="testdata.C_AgeGroupCreationTest" name="ageGroupCreationTest" time="5.893"/>
  <testcase classname="testdata.D_KindergartenCreationTest" name="kindergartenCreationTest" time="12.277"/>
  <testcase classname="testdata.E_KindergartenGroupCreationTest" name="kindergartenGroupCreationTest" time="2.366"/>
  <testcase classname="testdata.F_ParentApplicationCreationTest" name="parentApplicationCreationTest" time="13.268"/>
  <testcase classname="testdata.G_EducationSpecialistPasswordChangeTest" name="educationSpecialistPasswordChangeTest" time="29.691"/>
  <testcase classname="testdata.H_ParentHealthFormUploadTest" name="parentHealthFormUploadTest" time="2.901"/>
  <testcase classname="testdata.I_ParentPasswordChangeTest" name="parentPasswordChangeTest" time="21.541"/>
  <testcase classname="testdata.J_UserPasswordResetToPrimaryOneForExistingUserTest" name="UserPasswordResetToPrimaryOneForExistingUserTest" time="7.623"/>
  <testcase classname="testdata.KindergartenEditionTest" name="kindergartenEditionTest" time="0.0">
    <ignored/>
  </testcase> <!-- kindergartenEditionTest -->
  <testcase classname="testdata.E_KindergartenGroupCreationTest" name="sameGroupCreationTest" time="0.0">
    <ignored/>
  </testcase> <!-- sameGroupCreationTest -->
  <testcase classname="testdata.EducationSpecialistLoginLogoutTest" name="educationSpecialistCreationTest" time="0.0">
    <ignored/>
  </testcase> <!-- educationSpecialistCreationTest -->
  <testcase classname="testdata.E_KindergartenGroupCreationTest" name="addChildrenToGroupTest" time="0.0">
    <ignored/>
  </testcase> <!-- addChildrenToGroupTest -->
  <testcase classname="testdata.B_DistrictCreationTest" name="districtEditionTest" time="0.0">
    <ignored/>
  </testcase> <!-- districtEditionTest -->
  <testcase classname="testdata.AdminLoginLogoutTest" name="adminLoginLogoutTest" time="0.0">
    <ignored/>
  </testcase> <!-- adminLoginLogoutTest -->
  <testcase classname="basetest.BaseTest" name="@BeforeTest setUp" time="0.0">
    <ignored/>
  </testcase> <!-- @BeforeTest setUp -->
  <testcase classname="basetest.BaseTest" name="@BeforeTest setUp" time="0.0">
    <ignored/>
  </testcase> <!-- @BeforeTest setUp -->
  <testcase classname="basetest.BaseTest" name="@BeforeTest setUp" time="0.0">
    <ignored/>
  </testcase> <!-- @BeforeTest setUp -->
  <testcase classname="basetest.BaseTest" name="@BeforeTest setUp" time="0.0">
    <ignored/>
  </testcase> <!-- @BeforeTest setUp -->
  <testcase classname="basetest.BaseTest" name="@BeforeTest setUp" time="0.0">
    <ignored/>
  </testcase> <!-- @BeforeTest setUp -->
  <testcase classname="basetest.BaseTest" name="@BeforeTest setUp" time="0.0">
    <ignored/>
  </testcase> <!-- @BeforeTest setUp -->
  <testcase classname="basetest.BaseTest" name="@BeforeTest setUp" time="0.0">
    <ignored/>
  </testcase> <!-- @BeforeTest setUp -->
  <testcase classname="basetest.BaseTest" name="@BeforeTest setUp" time="0.0">
    <ignored/>
  </testcase> <!-- @BeforeTest setUp -->
  <testcase classname="basetest.BaseTest" name="@BeforeTest setUp" time="0.0">
    <ignored/>
  </testcase> <!-- @BeforeTest setUp -->
  <testcase classname="basetest.BaseTest" name="@BeforeTest setUp" time="0.0">
    <ignored/>
  </testcase> <!-- @BeforeTest setUp -->
  <testcase classname="basetest.BaseTest" name="@BeforeTest setUp" time="0.0">
    <ignored/>
  </testcase> <!-- @BeforeTest setUp -->
  <testcase classname="basetest.BaseTest" name="@BeforeTest setUp" time="0.0">
    <ignored/>
  </testcase> <!-- @BeforeTest setUp -->
  <testcase classname="basetest.BaseTest" name="@BeforeTest setUp" time="0.0">
    <ignored/>
  </testcase> <!-- @BeforeTest setUp -->
  <testcase classname="testdata.C_AgeGroupCreationTest" name="sameAgeGroupCreationTest" time="0.0">
    <ignored/>
  </testcase> <!-- sameAgeGroupCreationTest -->
  <testcase classname="testdata.ParentLoginLogoutTest" name="parentLoginTest" time="0.0">
    <ignored/>
  </testcase> <!-- parentLoginTest -->
</testsuite> <!-- regression -->
