<?xml version="1.0" encoding="UTF-8"?>
<!-- Generated by org.testng.reporters.JUnitXMLReporter -->
<testsuite ignored="28" hostname="DESKTOP-P1822VN" failures="0" tests="3" name="smoke" time="21.395" errors="0" timestamp="2021-03-17T15:09:13 EET">
  <testcase classname="testdata.AdminLoginLogoutTest" name="adminLoginLogoutTest" time="1.764"/>
  <testcase classname="testdata.EducationSpecialistLoginLogoutTest" name="educationSpecialistCreationTest" time="5.393"/>
  <testcase classname="testdata.ParentLoginLogoutTest" name="parentLoginTest" time="3.476"/>
  <testcase classname="testdata.I_ParentPasswordChangeTest" name="parentPasswordChangeTest" time="0.0">
    <ignored/>
  </testcase> <!-- parentPasswordChangeTest -->
  <testcase classname="testdata.KindergartenEditionTest" name="kindergartenEditionTest" time="0.0">
    <ignored/>
  </testcase> <!-- kindergartenEditionTest -->
  <testcase classname="testdata.E_KindergartenGroupCreationTest" name="sameGroupCreationTest" time="0.0">
    <ignored/>
  </testcase> <!-- sameGroupCreationTest -->
  <testcase classname="testdata.E_KindergartenGroupCreationTest" name="addChildrenToGroupTest" time="0.0">
    <ignored/>
  </testcase> <!-- addChildrenToGroupTest -->
  <testcase classname="testdata.F_ParentApplicationCreationTest" name="parentApplicationCreationTest" time="0.0">
    <ignored/>
  </testcase> <!-- parentApplicationCreationTest -->
  <testcase classname="testdata.B_DistrictCreationTest" name="districtEditionTest" time="0.0">
    <ignored/>
  </testcase> <!-- districtEditionTest -->
  <testcase classname="testdata.H_ParentHealthFormUploadTest" name="parentHealthFormUploadTest" time="0.0">
    <ignored/>
  </testcase> <!-- parentHealthFormUploadTest -->
  <testcase classname="testdata.A_parentPrimaryInfoInputTest" name="parentPrimaryInfoInputTest" time="0.0">
    <ignored/>
  </testcase> <!-- parentPrimaryInfoInputTest -->
  <testcase classname="testdata.C_AgeGroupCreationTest" name="ageGroupCreationTest" time="0.0">
    <ignored/>
  </testcase> <!-- ageGroupCreationTest -->
  <testcase classname="testdata.D_KindergartenCreationTest" name="kindergartenCreationTest" time="0.0">
    <ignored/>
  </testcase> <!-- kindergartenCreationTest -->
  <testcase classname="testdata.E_KindergartenGroupCreationTest" name="kindergartenGroupCreationTest" time="0.0">
    <ignored/>
  </testcase> <!-- kindergartenGroupCreationTest -->
  <testcase classname="testdata.G_EducationSpecialistPasswordChangeTest" name="educationSpecialistPasswordChangeTest" time="0.0">
    <ignored/>
  </testcase> <!-- educationSpecialistPasswordChangeTest -->
  <testcase classname="basetest.BaseTest" name="@BeforeTest setUp" time="0.0">
    <ignored/>
  </testcase> <!-- @BeforeTest setUp -->
  <testcase classname="basetest.BaseTest" name="@BeforeTest setUp" time="0.0">
    <ignored/>
  </testcase> <!-- @BeforeTest setUp -->
  <testcase classname="basetest.BaseTest" name="@BeforeTest setUp" time="0.0">
    <ignored/>
  </testcase> <!-- @BeforeTest setUp -->
  <testcase classname="testdata.B_DistrictCreationTest" name="districtCreationTest" time="0.0">
    <ignored/>
  </testcase> <!-- districtCreationTest -->
  <testcase classname="basetest.BaseTest" name="@BeforeTest setUp" time="0.0">
    <ignored/>
  </testcase> <!-- @BeforeTest setUp -->
  <testcase classname="basetest.BaseTest" name="@BeforeTest setUp" time="0.0">
    <ignored/>
  </testcase> <!-- @BeforeTest setUp -->
  <testcase classname="basetest.BaseTest" name="@BeforeTest setUp" time="0.0">
    <ignored/>
  </testcase> <!-- @BeforeTest setUp -->
  <testcase classname="basetest.BaseTest" name="@BeforeTest setUp" time="0.0">
    <ignored/>
  </testcase> <!-- @BeforeTest setUp -->
  <testcase classname="basetest.BaseTest" name="@BeforeTest setUp" time="0.0">
    <ignored/>
  </testcase> <!-- @BeforeTest setUp -->
  <testcase classname="basetest.BaseTest" name="@BeforeTest setUp" time="0.0">
    <ignored/>
  </testcase> <!-- @BeforeTest setUp -->
  <testcase classname="basetest.BaseTest" name="@BeforeTest setUp" time="0.0">
    <ignored/>
  </testcase> <!-- @BeforeTest setUp -->
  <testcase classname="basetest.BaseTest" name="@BeforeTest setUp" time="0.0">
    <ignored/>
  </testcase> <!-- @BeforeTest setUp -->
  <testcase classname="basetest.BaseTest" name="@BeforeTest setUp" time="0.0">
    <ignored/>
  </testcase> <!-- @BeforeTest setUp -->
  <testcase classname="basetest.BaseTest" name="@BeforeTest setUp" time="0.0">
    <ignored/>
  </testcase> <!-- @BeforeTest setUp -->
  <testcase classname="testdata.C_AgeGroupCreationTest" name="sameAgeGroupCreationTest" time="0.0">
    <ignored/>
  </testcase> <!-- sameAgeGroupCreationTest -->
  <testcase classname="testdata.J_UserPasswordResetToPrimaryOneForExistingUserTest" name="UserPasswordResetToPrimaryOneForExistingUserTest" time="0.0">
    <ignored/>
  </testcase> <!-- UserPasswordResetToPrimaryOneForExistingUserTest -->
</testsuite> <!-- smoke -->
