<?xml version="1.0" encoding="UTF-8"?>
<!-- Generated by org.testng.reporters.JUnitXMLReporter -->
<testsuite ignored="30" hostname="DESKTOP-P1822VN" failures="0" tests="1" name="smoke" time="5.429" errors="0" timestamp="2021-03-16T18:18:21 EET">
  <testcase classname="testdata.AdminLoginLogoutTest" name="adminLoginTest" time="1.245"/>
  <testcase classname="testdata.AgeGroupCreationTest" name="ageGroupCreationTest" time="0.0">
    <ignored/>
  </testcase> <!-- ageGroupCreationTest -->
  <testcase classname="testdata.KindergartenGroupCreationTest" name="newKindergartenGroupCreationTest" time="0.0">
    <ignored/>
  </testcase> <!-- newKindergartenGroupCreationTest -->
  <testcase classname="testdata.KindergartenEditionTest" name="kindergartenEditionTest" time="0.0">
    <ignored/>
  </testcase> <!-- kindergartenEditionTest -->
  <testcase classname="testdata.ParentPasswordChangeTest" name="parentPasswordChangeTest" time="0.0">
    <ignored/>
  </testcase> <!-- parentPasswordChangeTest -->
  <testcase classname="testdata.AdminLoginLogoutTest" name="adminLoginLogout" time="0.0">
    <ignored/>
  </testcase> <!-- adminLoginLogout -->
  <testcase classname="testdata.EducationSpecialistPasswordChangeTest" name="educationSpecialistPasswordChangeTest" time="0.0">
    <ignored/>
  </testcase> <!-- educationSpecialistPasswordChangeTest -->
  <testcase classname="testdata.ParentApplicationCreationTest" name="parentApplicationCreationTest" time="0.0">
    <ignored/>
  </testcase> <!-- parentApplicationCreationTest -->
  <testcase classname="testdata.ParentHealthFormUploadTest" name="parentApplicationCreationTest" time="0.0">
    <ignored/>
  </testcase> <!-- parentApplicationCreationTest -->
  <testcase classname="testdata.EducationSpecialistLoginLogoutTest" name="educationSpecialistCreationTest" time="0.0">
    <ignored/>
  </testcase> <!-- educationSpecialistCreationTest -->
  <testcase classname="testdata.AgeGroupCreationTest" name="sameAgeGroupCreationTest" time="0.0">
    <ignored/>
  </testcase> <!-- sameAgeGroupCreationTest -->
  <testcase classname="testdata.DistrictCreationTest" name="districtCreationTest" time="0.0">
    <ignored/>
  </testcase> <!-- districtCreationTest -->
  <testcase classname="testdata.KindergartenGroupCreationTest" name="sameGroupCreationTest" time="0.0">
    <ignored/>
  </testcase> <!-- sameGroupCreationTest -->
  <testcase classname="testdata.KindergartenGroupCreationTest" name="addChildrenToGroupTest" time="0.0">
    <ignored/>
  </testcase> <!-- addChildrenToGroupTest -->
  <testcase classname="testdata.ParentPrimaryInfoInputTest" name="parentCreationTest" time="0.0">
    <ignored/>
  </testcase> <!-- parentCreationTest -->
  <testcase classname="basetest.BaseTest" name="@BeforeTest setUp" time="0.0">
    <ignored/>
  </testcase> <!-- @BeforeTest setUp -->
  <testcase classname="basetest.BaseTest" name="@BeforeTest setUp" time="0.0">
    <ignored/>
  </testcase> <!-- @BeforeTest setUp -->
  <testcase classname="basetest.BaseTest" name="@BeforeTest setUp" time="0.0">
    <ignored/>
  </testcase> <!-- @BeforeTest setUp -->
  <testcase classname="basetest.BaseTest" name="@BeforeTest setUp" time="0.0">
    <ignored/>
  </testcase> <!-- @BeforeTest setUp -->
  <testcase classname="basetest.BaseTest" name="@BeforeTest setUp" time="0.0">
    <ignored/>
  </testcase> <!-- @BeforeTest setUp -->
  <testcase classname="basetest.BaseTest" name="@BeforeTest setUp" time="0.0">
    <ignored/>
  </testcase> <!-- @BeforeTest setUp -->
  <testcase classname="basetest.BaseTest" name="@BeforeTest setUp" time="0.0">
    <ignored/>
  </testcase> <!-- @BeforeTest setUp -->
  <testcase classname="basetest.BaseTest" name="@BeforeTest setUp" time="0.0">
    <ignored/>
  </testcase> <!-- @BeforeTest setUp -->
  <testcase classname="testdata.ParentLoginLogoutTest" name="parentLoginTest1" time="0.0">
    <ignored/>
  </testcase> <!-- parentLoginTest1 -->
  <testcase classname="basetest.BaseTest" name="@BeforeTest setUp" time="0.0">
    <ignored/>
  </testcase> <!-- @BeforeTest setUp -->
  <testcase classname="basetest.BaseTest" name="@BeforeTest setUp" time="0.0">
    <ignored/>
  </testcase> <!-- @BeforeTest setUp -->
  <testcase classname="basetest.BaseTest" name="@BeforeTest setUp" time="0.0">
    <ignored/>
  </testcase> <!-- @BeforeTest setUp -->
  <testcase classname="basetest.BaseTest" name="@BeforeTest setUp" time="0.0">
    <ignored/>
  </testcase> <!-- @BeforeTest setUp -->
  <testcase classname="testdata.KindergartenCreationTest" name="newKindergartenCreationTest" time="0.0">
    <ignored/>
  </testcase> <!-- newKindergartenCreationTest -->
  <testcase classname="testdata.DistrictCreationTest" name="districtEditionTest" time="0.0">
    <ignored/>
  </testcase> <!-- districtEditionTest -->
  <testcase classname="testdata.ParentLoginLogoutTest" name="parentLoginTest" time="0.0">
    <ignored/>
  </testcase> <!-- parentLoginTest -->
</testsuite> <!-- smoke -->
